/*C10*/SET SCHEMA PUBLIC
DELETE FROM USER WHERE ID=1
COMMIT
DELETE FROM USER WHERE ID=2
COMMIT
DELETE FROM USER WHERE ID=3
COMMIT
INSERT INTO USER VALUES(4,'0','aetaetae','taetaet')
COMMIT
DISCONNECT
/*C9*/SET SCHEMA PUBLIC
DISCONNECT
/*C8*/SET SCHEMA PUBLIC
DISCONNECT
/*C13*/SET SCHEMA PUBLIC
DISCONNECT
/*C12*/SET SCHEMA PUBLIC
DISCONNECT
/*C11*/SET SCHEMA PUBLIC
DISCONNECT
/*C16*/SET SCHEMA PUBLIC
DISCONNECT
/*C15*/SET SCHEMA PUBLIC
DISCONNECT
/*C14*/SET SCHEMA PUBLIC
DISCONNECT
/*C19*/SET SCHEMA PUBLIC
DISCONNECT
/*C18*/SET SCHEMA PUBLIC
DISCONNECT
/*C17*/SET SCHEMA PUBLIC
DISCONNECT
/*C22*/SET SCHEMA PUBLIC
DISCONNECT
/*C21*/SET SCHEMA PUBLIC
DISCONNECT
/*C20*/SET SCHEMA PUBLIC
DISCONNECT
/*C25*/SET SCHEMA PUBLIC
INSERT INTO USER VALUES(5,'0','aefaefaefea','faefaef')
COMMIT
/*C23*/SET SCHEMA PUBLIC
DISCONNECT
/*C25*/DISCONNECT
/*C24*/SET SCHEMA PUBLIC
DISCONNECT
